<?xml version="1.0" encoding="UTF-8"?>
<!-- Generated by org.testng.reporters.JUnitReportReporter -->
<testsuite hostname="MyLove-PC" failures="0" tests="2" name="Testpkg.HomePageTc" time="125.748" errors="0" timestamp="2020-03-20T23:22:04 EDT" skipped="0">
  <testcase classname="Testpkg.HomePageTc" name="placeOrder" time="82.143"/>
  <testcase classname="Testpkg.HomePageTc" name="orderComplete" time="43.605"/>
</testsuite> <!-- Testpkg.HomePageTc -->
