<?xml version="1.0" encoding="UTF-8"?>
<!-- Generated by org.testng.reporters.JUnitReportReporter -->
<testsuite hostname="MyLove-PC" failures="0" tests="2" name="Testpkg.EmptyCart" time="35.295" errors="0" timestamp="2020-03-20T23:35:20 EDT" skipped="0">
  <testcase classname="Testpkg.EmptyCart" name="f" time="7.235"/>
  <testcase classname="Testpkg.EmptyCart" name="addItems" time="28.060"/>
</testsuite> <!-- Testpkg.EmptyCart -->
